{"level":"error","message":"Database initialization failed: Unknown column 'deleted_at' in 'where clause'","service":"user-service","timestamp":"2026-01-13T16:22:26.354Z"}
{"level":"error","message":"Update user profile error: You have an error in your SQL syntax; check the manual that corresponds to your MySQL server version for the right syntax to use near ', updated_at = CURRENT_TIMESTAMP WHERE id = ?' at line 1","service":"user-service","timestamp":"2026-01-27T14:06:38.951Z"}
{"level":"error","message":"Get wallet info error: Incorrect arguments to mysqld_stmt_execute","service":"user-service","timestamp":"2026-01-27T16:37:54.940Z"}
{"level":"error","message":"Get wallet info error: Incorrect arguments to mysqld_stmt_execute","service":"user-service","timestamp":"2026-01-27T16:37:55.210Z"}
{"level":"error","message":"Get wallet info error: Incorrect arguments to mysqld_stmt_execute","service":"user-service","timestamp":"2026-01-27T16:38:19.574Z"}
{"level":"error","message":"Get wallet info error: Incorrect arguments to mysqld_stmt_execute","service":"user-service","timestamp":"2026-01-27T16:39:25.212Z"}
{"level":"error","message":"Get wallet info error: Incorrect arguments to mysqld_stmt_execute","service":"user-service","timestamp":"2026-01-27T16:42:17.350Z"}
{"level":"error","message":"Get wallet info error: Incorrect arguments to mysqld_stmt_execute","service":"user-service","timestamp":"2026-01-27T16:42:28.533Z"}
{"level":"error","message":"Get transaction history error: Incorrect arguments to mysqld_stmt_execute","service":"user-service","timestamp":"2026-01-27T16:42:59.845Z"}
{"level":"error","message":"Get transaction history error: Incorrect arguments to mysqld_stmt_execute","service":"user-service","timestamp":"2026-01-27T16:43:00.173Z"}
{"level":"error","message":"Get transaction history error: Incorrect arguments to mysqld_stmt_execute","service":"user-service","timestamp":"2026-01-27T16:43:07.719Z"}
{"level":"error","message":"Get transaction history error: Incorrect arguments to mysqld_stmt_execute","service":"user-service","timestamp":"2026-01-27T16:43:07.763Z"}
{"level":"error","message":"Get wallet info error: Incorrect arguments to mysqld_stmt_execute","service":"user-service","timestamp":"2026-01-27T16:43:17.571Z"}
{"level":"error","message":"Get wallet info error: Incorrect arguments to mysqld_stmt_execute","service":"user-service","timestamp":"2026-01-27T16:43:17.815Z"}
{"level":"error","message":"User registration error: Incorrect date value: '04-01-2008' for column 'date_of_birth' at row 1","service":"user-service","timestamp":"2026-01-27T16:59:31.331Z"}
{"level":"error","message":"Get dashboard analytics error: You have an error in your SQL syntax; check the manual that corresponds to your MySQL server version for the right syntax to use near 'LIMIT ?' at line 1","service":"user-service","timestamp":"2026-01-27T18:58:11.683Z"}
{"level":"error","message":"Get dashboard analytics error: You have an error in your SQL syntax; check the manual that corresponds to your MySQL server version for the right syntax to use near 'LIMIT ?' at line 1","service":"user-service","timestamp":"2026-01-27T19:00:07.045Z"}
{"level":"error","message":"Get consumers paginated error: Incorrect arguments to mysqld_stmt_execute","service":"user-service","timestamp":"2026-01-27T19:00:19.869Z"}
{"level":"error","message":"Get consumers paginated error: Incorrect arguments to mysqld_stmt_execute","service":"user-service","timestamp":"2026-01-27T19:00:19.907Z"}
{"level":"error","message":"Get agents paginated error: You have an error in your SQL syntax; check the manual that corresponds to your MySQL server version for the right syntax to use near 'limit = ? AND offset = ?' at line 1","service":"user-service","timestamp":"2026-01-27T19:00:25.690Z"}
{"level":"error","message":"Get agents paginated error: You have an error in your SQL syntax; check the manual that corresponds to your MySQL server version for the right syntax to use near 'limit = ? AND offset = ?' at line 1","service":"user-service","timestamp":"2026-01-27T19:00:25.752Z"}
{"level":"error","message":"Get agents paginated error: You have an error in your SQL syntax; check the manual that corresponds to your MySQL server version for the right syntax to use near 'limit = ? AND offset = ?' at line 1","service":"user-service","timestamp":"2026-01-27T19:00:29.317Z"}
{"level":"error","message":"Get agents paginated error: You have an error in your SQL syntax; check the manual that corresponds to your MySQL server version for the right syntax to use near 'limit = ? AND offset = ?' at line 1","service":"user-service","timestamp":"2026-01-27T19:00:29.339Z"}
{"level":"error","message":"Get dashboard analytics error: You have an error in your SQL syntax; check the manual that corresponds to your MySQL server version for the right syntax to use near 'LIMIT ?' at line 1","service":"user-service","timestamp":"2026-01-27T19:00:30.208Z"}
{"level":"error","message":"Get dashboard analytics error: You have an error in your SQL syntax; check the manual that corresponds to your MySQL server version for the right syntax to use near 'LIMIT ?' at line 1","service":"user-service","timestamp":"2026-01-27T19:00:30.242Z"}
{"level":"error","message":"Get consumers paginated error: Incorrect arguments to mysqld_stmt_execute","service":"user-service","timestamp":"2026-01-27T19:00:32.202Z"}
{"level":"error","message":"Get consumers paginated error: Incorrect arguments to mysqld_stmt_execute","service":"user-service","timestamp":"2026-01-27T19:00:32.218Z"}
{"level":"error","message":"Get consumers paginated error: Incorrect arguments to mysqld_stmt_execute","service":"user-service","timestamp":"2026-01-27T19:01:10.210Z"}
{"level":"error","message":"Get consumers paginated error: Incorrect arguments to mysqld_stmt_execute","service":"user-service","timestamp":"2026-01-27T19:05:06.439Z"}
{"level":"error","message":"Get consumers paginated error: Incorrect arguments to mysqld_stmt_execute","service":"user-service","timestamp":"2026-01-27T19:05:17.777Z"}
{"level":"error","message":"Get agents paginated error: You have an error in your SQL syntax; check the manual that corresponds to your MySQL server version for the right syntax to use near 'limit = ? AND offset = ?' at line 1","service":"user-service","timestamp":"2026-01-27T19:07:41.993Z"}
{"level":"error","message":"Get agents paginated error: You have an error in your SQL syntax; check the manual that corresponds to your MySQL server version for the right syntax to use near 'limit = ? AND offset = ?' at line 1","service":"user-service","timestamp":"2026-01-27T19:07:42.027Z"}
{"level":"error","message":"Get agents paginated error: You have an error in your SQL syntax; check the manual that corresponds to your MySQL server version for the right syntax to use near 'LIMIT 20' at line 1","service":"user-service","timestamp":"2026-01-27T19:08:58.682Z"}
{"level":"error","message":"Get agents paginated error: You have an error in your SQL syntax; check the manual that corresponds to your MySQL server version for the right syntax to use near 'LIMIT 20' at line 1","service":"user-service","timestamp":"2026-01-27T19:08:58.723Z"}
{"level":"error","message":"Failed to debit platform wallet for transaction TXN-20260128-761010: platformWallet.debitBalance is not a function","service":"user-service","timestamp":"2026-01-27T21:08:28.377Z"}
{"level":"error","message":"Failed to debit platform wallet for transaction TXN-20260128-733359: platformWallet.debitBalance is not a function","service":"user-service","timestamp":"2026-01-27T21:15:34.430Z"}
{"level":"error","message":"Get bank transfer history error: Incorrect arguments to mysqld_stmt_execute","service":"user-service","timestamp":"2026-01-27T21:38:15.074Z"}
{"level":"error","message":"Get bank transfer history error: Incorrect arguments to mysqld_stmt_execute","service":"user-service","timestamp":"2026-01-27T21:38:15.198Z"}
{"level":"error","message":"Get bank transfer history error: Incorrect arguments to mysqld_stmt_execute","service":"user-service","timestamp":"2026-01-27T21:38:18.205Z"}
{"level":"error","message":"Get bank transfer history error: Incorrect arguments to mysqld_stmt_execute","service":"user-service","timestamp":"2026-01-27T21:38:18.253Z"}
{"level":"error","message":"Get bank transfer history error: Incorrect arguments to mysqld_stmt_execute","service":"user-service","timestamp":"2026-01-27T22:12:15.251Z"}
{"level":"error","message":"Get bank transfer history error: Incorrect arguments to mysqld_stmt_execute","service":"user-service","timestamp":"2026-01-27T22:12:15.318Z"}
{"level":"error","message":"Get bank transfer history error: Incorrect arguments to mysqld_stmt_execute","service":"user-service","timestamp":"2026-01-27T22:12:31.319Z"}
{"level":"error","message":"Create biller error: Data truncated for column 'bill_type' at row 1","service":"user-service","timestamp":"2026-01-27T22:49:53.530Z"}
{"level":"error","message":"Get biller details error: Incorrect arguments to mysqld_stmt_execute","service":"user-service","timestamp":"2026-01-27T22:53:22.710Z"}
{"level":"error","message":"Get biller details error: Incorrect arguments to mysqld_stmt_execute","service":"user-service","timestamp":"2026-01-27T22:55:24.465Z"}
{"level":"error","message":"Get biller details error: Incorrect arguments to mysqld_stmt_execute","service":"user-service","timestamp":"2026-01-27T22:55:39.940Z"}
{"level":"error","message":"Bill payment error: Lock wait timeout exceeded; try restarting transaction","service":"user-service","timestamp":"2026-01-27T23:20:50.640Z"}
{"level":"error","message":"Bill payment error: Lock wait timeout exceeded; try restarting transaction","service":"user-service","timestamp":"2026-01-27T23:22:57.530Z"}
{"level":"error","message":"Platform wallet migration error: Table 'uiu_cash.platform_wallet' doesn't exist","service":"user-service","timestamp":"2026-01-28T00:19:00.182Z"}
{"level":"error","message":"Platform wallet migration error: Table 'uiu_cash.platform_wallet' doesn't exist","service":"user-service","timestamp":"2026-01-28T00:19:13.828Z"}
{"level":"error","message":"Bank transfer error: platformWallet.addBalance is not a function","service":"user-service","timestamp":"2026-01-28T01:05:08.706Z"}
{"level":"error","message":"Failed to debit platform wallet for transaction TXN-20260128-506530: platformWallet.debitBalance is not a function","service":"user-service","timestamp":"2026-01-28T01:18:34.566Z"}
{"level":"error","message":"Failed to debit platform wallet commission for transaction TXN-20260128-599791: platformWallet.debitBalance is not a function","service":"user-service","timestamp":"2026-01-28T01:21:18.586Z"}
{"level":"error","message":"Get platform wallet transactions error: Incorrect arguments to mysqld_stmt_execute","service":"user-service","timestamp":"2026-01-28T01:21:34.356Z"}
{"level":"error","message":"Get platform wallet transactions error: Incorrect arguments to mysqld_stmt_execute","service":"user-service","timestamp":"2026-01-28T01:21:34.419Z"}
{"level":"error","message":"Get platform wallet transactions error: Incorrect arguments to mysqld_stmt_execute","service":"user-service","timestamp":"2026-01-28T01:21:34.515Z"}
{"level":"error","message":"Get platform wallet transactions error: Incorrect arguments to mysqld_stmt_execute","service":"user-service","timestamp":"2026-01-28T01:21:34.649Z"}
{"level":"error","message":"Get platform wallet transactions error: Incorrect arguments to mysqld_stmt_execute","service":"user-service","timestamp":"2026-01-28T01:22:02.571Z"}
{"level":"error","message":"Get platform wallet transactions error: Incorrect arguments to mysqld_stmt_execute","service":"user-service","timestamp":"2026-01-28T01:22:02.600Z"}
{"level":"error","message":"Get platform wallet transactions error: Incorrect arguments to mysqld_stmt_execute","service":"user-service","timestamp":"2026-01-28T01:22:02.647Z"}
{"level":"error","message":"Get platform wallet transactions error: Incorrect arguments to mysqld_stmt_execute","service":"user-service","timestamp":"2026-01-28T01:22:02.672Z"}
{"level":"error","message":"Get platform wallet transactions error: Incorrect arguments to mysqld_stmt_execute","service":"user-service","timestamp":"2026-01-28T01:22:12.420Z"}
{"level":"error","message":"Get platform wallet transactions error: Incorrect arguments to mysqld_stmt_execute","service":"user-service","timestamp":"2026-01-28T01:22:12.469Z"}
{"level":"error","message":"Get platform wallet transactions error: Incorrect arguments to mysqld_stmt_execute","service":"user-service","timestamp":"2026-01-28T01:22:31.476Z"}
{"level":"error","message":"Get platform wallet transactions error: Incorrect arguments to mysqld_stmt_execute","service":"user-service","timestamp":"2026-01-28T01:22:31.499Z"}
{"level":"error","message":"Get platform wallet transactions error: Incorrect arguments to mysqld_stmt_execute","service":"user-service","timestamp":"2026-01-28T01:23:19.900Z"}
{"level":"error","message":"Get platform wallet transactions error: Incorrect arguments to mysqld_stmt_execute","service":"user-service","timestamp":"2026-01-28T01:23:19.950Z"}
{"level":"error","message":"Get platform wallet transactions error: Incorrect arguments to mysqld_stmt_execute","service":"user-service","timestamp":"2026-01-28T01:23:20.074Z"}
{"level":"error","message":"Get platform wallet transactions error: Incorrect arguments to mysqld_stmt_execute","service":"user-service","timestamp":"2026-01-28T01:23:20.139Z"}
{"level":"error","message":"Get platform wallet transactions error: Incorrect arguments to mysqld_stmt_execute","service":"user-service","timestamp":"2026-01-28T01:23:35.492Z"}
{"level":"error","message":"Get platform wallet transactions error: Incorrect arguments to mysqld_stmt_execute","service":"user-service","timestamp":"2026-01-28T01:23:37.074Z"}
{"level":"error","message":"Get platform wallet transactions error: Incorrect arguments to mysqld_stmt_execute","service":"user-service","timestamp":"2026-01-28T01:26:11.499Z"}
{"level":"error","message":"Get platform wallet transactions error: Incorrect arguments to mysqld_stmt_execute","service":"user-service","timestamp":"2026-01-28T01:26:11.627Z"}
{"level":"error","message":"Get platform wallet transactions error: Incorrect arguments to mysqld_stmt_execute","service":"user-service","timestamp":"2026-01-28T01:26:42.952Z"}
{"level":"error","message":"Get platform wallet transactions error: Incorrect arguments to mysqld_stmt_execute","service":"user-service","timestamp":"2026-01-28T01:26:43.062Z"}
{"level":"error","message":"Get platform wallet transactions error: Incorrect arguments to mysqld_stmt_execute","service":"user-service","timestamp":"2026-01-28T01:27:10.236Z"}
{"level":"error","message":"Get platform wallet transactions error: Incorrect arguments to mysqld_stmt_execute","service":"user-service","timestamp":"2026-01-28T01:27:10.262Z"}
{"level":"error","message":"Get platform wallet transactions error: Incorrect arguments to mysqld_stmt_execute","service":"user-service","timestamp":"2026-01-28T01:27:36.847Z"}
{"level":"error","message":"Get platform wallet transactions error: Incorrect arguments to mysqld_stmt_execute","service":"user-service","timestamp":"2026-01-28T01:27:36.883Z"}
{"level":"error","message":"Get platform wallet transactions error: Incorrect arguments to mysqld_stmt_execute","service":"user-service","timestamp":"2026-01-28T01:28:10.580Z"}
{"level":"error","message":"Get platform wallet transactions error: Incorrect arguments to mysqld_stmt_execute","service":"user-service","timestamp":"2026-01-28T01:28:10.643Z"}
{"level":"error","message":"Get platform wallet transactions error: Incorrect arguments to mysqld_stmt_execute","service":"user-service","timestamp":"2026-01-28T01:28:32.975Z"}
{"level":"error","message":"Get platform wallet transactions error: Incorrect arguments to mysqld_stmt_execute","service":"user-service","timestamp":"2026-01-28T01:28:33.372Z"}
